[INFO ] 2024-07-24 18:03:16.899 [main] UserTestsWithProperties - *********** Creating User ***********
[INFO ] 2024-07-24 18:03:20.335 [main] UserTestsWithProperties - *********** Getting User detail for roxanne.klocko***********
[DEBUG] 2024-07-24 18:03:20.621 [main] UserTestsWithProperties - *********** User is displayed ***********
[INFO ] 2024-07-24 18:03:20.627 [main] UserTestsWithProperties - *********** Updating User ***********
[INFO ] 2024-07-24 18:03:21.294 [main] UserTestsWithProperties - *********** Deleting user ***********
[INFO ] 2024-07-24 18:04:13.394 [main] UserTestsWithProperties - *********** Creating User ***********
[INFO ] 2024-07-24 18:04:16.462 [main] UserTestsWithProperties - *********** Getting User detail for rickie.beier***********
[DEBUG] 2024-07-24 18:04:16.704 [main] UserTestsWithProperties - *********** User is displayed ***********
[INFO ] 2024-07-24 18:04:16.709 [main] UserTestsWithProperties - *********** Updating User ***********
[INFO ] 2024-07-24 18:04:17.235 [main] UserTestsWithProperties - *********** Deleting user ***********
[DEBUG] 2024-07-24 18:14:05.244 [main] PackageRelationshipCollection - Parsing relationship: /xl/_rels/workbook.xml.rels
[DEBUG] 2024-07-24 18:14:05.255 [main] PackageRelationshipCollection - Parsing relationship: /_rels/.rels
[DEBUG] 2024-07-24 18:14:06.190 [main] ZipPackage - Save content types part
[DEBUG] 2024-07-24 18:14:06.528 [main] ZipPackage - Save package relationships
[DEBUG] 2024-07-24 18:14:06.533 [main] ZipPackage - Save part 'docProps/app.xml'
[DEBUG] 2024-07-24 18:14:06.534 [main] ZipPackage - Save part 'docProps/core.xml'
[DEBUG] 2024-07-24 18:14:06.538 [main] ZipPackage - Save part 'xl/sharedStrings.xml'
[DEBUG] 2024-07-24 18:14:06.539 [main] ZipPackage - Save part 'xl/styles.xml'
[DEBUG] 2024-07-24 18:14:06.539 [main] ZipPackage - Save part 'xl/theme/theme1.xml'
[DEBUG] 2024-07-24 18:14:06.541 [main] ZipPackage - Save part 'xl/workbook.xml'
[DEBUG] 2024-07-24 18:14:06.544 [main] ZipPackage - Save part 'xl/worksheets/sheet1.xml'
[DEBUG] 2024-07-24 18:14:10.344 [main] PackageRelationshipCollection - Parsing relationship: /xl/_rels/workbook.xml.rels
[DEBUG] 2024-07-24 18:14:10.348 [main] PackageRelationshipCollection - Parsing relationship: /_rels/.rels
[DEBUG] 2024-07-24 18:14:10.406 [main] ZipPackage - Save content types part
[DEBUG] 2024-07-24 18:14:10.408 [main] ZipPackage - Save package relationships
[DEBUG] 2024-07-24 18:14:10.416 [main] ZipPackage - Save part 'docProps/app.xml'
[DEBUG] 2024-07-24 18:14:10.416 [main] ZipPackage - Save part 'docProps/core.xml'
[DEBUG] 2024-07-24 18:14:10.418 [main] ZipPackage - Save part 'xl/sharedStrings.xml'
[DEBUG] 2024-07-24 18:14:10.418 [main] ZipPackage - Save part 'xl/styles.xml'
[DEBUG] 2024-07-24 18:14:10.419 [main] ZipPackage - Save part 'xl/theme/theme1.xml'
[DEBUG] 2024-07-24 18:14:10.420 [main] ZipPackage - Save part 'xl/workbook.xml'
[DEBUG] 2024-07-24 18:14:10.422 [main] ZipPackage - Save part 'xl/worksheets/sheet1.xml'
[DEBUG] 2024-07-24 18:14:11.101 [main] PackageRelationshipCollection - Parsing relationship: /xl/_rels/workbook.xml.rels
[DEBUG] 2024-07-24 18:14:11.103 [main] PackageRelationshipCollection - Parsing relationship: /_rels/.rels
[DEBUG] 2024-07-24 18:14:11.167 [main] ZipPackage - Save content types part
[DEBUG] 2024-07-24 18:14:11.170 [main] ZipPackage - Save package relationships
[DEBUG] 2024-07-24 18:14:11.175 [main] ZipPackage - Save part 'docProps/app.xml'
[DEBUG] 2024-07-24 18:14:11.176 [main] ZipPackage - Save part 'docProps/core.xml'
[DEBUG] 2024-07-24 18:14:11.182 [main] ZipPackage - Save part 'xl/sharedStrings.xml'
[DEBUG] 2024-07-24 18:14:11.183 [main] ZipPackage - Save part 'xl/styles.xml'
[DEBUG] 2024-07-24 18:14:11.184 [main] ZipPackage - Save part 'xl/theme/theme1.xml'
[DEBUG] 2024-07-24 18:14:11.185 [main] ZipPackage - Save part 'xl/workbook.xml'
[DEBUG] 2024-07-24 18:14:11.189 [main] ZipPackage - Save part 'xl/worksheets/sheet1.xml'
[DEBUG] 2024-07-24 18:14:14.763 [main] PackageRelationshipCollection - Parsing relationship: /xl/_rels/workbook.xml.rels
[DEBUG] 2024-07-24 18:14:14.765 [main] PackageRelationshipCollection - Parsing relationship: /_rels/.rels
[DEBUG] 2024-07-24 18:14:14.811 [main] ZipPackage - Save content types part
[DEBUG] 2024-07-24 18:14:14.814 [main] ZipPackage - Save package relationships
[DEBUG] 2024-07-24 18:14:14.816 [main] ZipPackage - Save part 'docProps/app.xml'
[DEBUG] 2024-07-24 18:14:14.816 [main] ZipPackage - Save part 'docProps/core.xml'
[DEBUG] 2024-07-24 18:14:14.818 [main] ZipPackage - Save part 'xl/sharedStrings.xml'
[DEBUG] 2024-07-24 18:14:14.819 [main] ZipPackage - Save part 'xl/styles.xml'
[DEBUG] 2024-07-24 18:14:14.819 [main] ZipPackage - Save part 'xl/theme/theme1.xml'
[DEBUG] 2024-07-24 18:14:14.820 [main] ZipPackage - Save part 'xl/workbook.xml'
[DEBUG] 2024-07-24 18:14:14.822 [main] ZipPackage - Save part 'xl/worksheets/sheet1.xml'
[INFO ] 2024-07-24 18:14:17.273 [main] UserTests - *********** Creating User ***********
[INFO ] 2024-07-24 18:14:17.482 [main] UserTests - *********** Getting User detail for melania.champlin***********
[DEBUG] 2024-07-24 18:14:17.673 [main] UserTests - *********** User is displayed ***********
[INFO ] 2024-07-24 18:14:17.674 [main] UserTests - *********** Updating User ***********
[INFO ] 2024-07-24 18:14:18.110 [main] UserTests - *********** Deleting user ***********
[DEBUG] 2024-07-24 18:16:17.209 [main] PackageRelationshipCollection - Parsing relationship: /xl/_rels/workbook.xml.rels
[DEBUG] 2024-07-24 18:16:17.224 [main] PackageRelationshipCollection - Parsing relationship: /_rels/.rels
[DEBUG] 2024-07-24 18:16:18.210 [main] ZipPackage - Save content types part
[DEBUG] 2024-07-24 18:16:18.378 [main] ZipPackage - Save package relationships
[DEBUG] 2024-07-24 18:16:18.393 [main] ZipPackage - Save part 'docProps/app.xml'
[DEBUG] 2024-07-24 18:16:18.395 [main] ZipPackage - Save part 'docProps/core.xml'
[DEBUG] 2024-07-24 18:16:18.403 [main] ZipPackage - Save part 'xl/sharedStrings.xml'
[DEBUG] 2024-07-24 18:16:18.404 [main] ZipPackage - Save part 'xl/styles.xml'
[DEBUG] 2024-07-24 18:16:18.404 [main] ZipPackage - Save part 'xl/theme/theme1.xml'
[DEBUG] 2024-07-24 18:16:18.405 [main] ZipPackage - Save part 'xl/workbook.xml'
[DEBUG] 2024-07-24 18:16:18.412 [main] ZipPackage - Save part 'xl/worksheets/sheet1.xml'
[DEBUG] 2024-07-24 18:16:22.691 [main] PackageRelationshipCollection - Parsing relationship: /xl/_rels/workbook.xml.rels
[DEBUG] 2024-07-24 18:16:22.693 [main] PackageRelationshipCollection - Parsing relationship: /_rels/.rels
[DEBUG] 2024-07-24 18:16:22.727 [main] ZipPackage - Save content types part
[DEBUG] 2024-07-24 18:16:22.729 [main] ZipPackage - Save package relationships
[DEBUG] 2024-07-24 18:16:22.731 [main] ZipPackage - Save part 'docProps/app.xml'
[DEBUG] 2024-07-24 18:16:22.732 [main] ZipPackage - Save part 'docProps/core.xml'
[DEBUG] 2024-07-24 18:16:22.734 [main] ZipPackage - Save part 'xl/sharedStrings.xml'
[DEBUG] 2024-07-24 18:16:22.734 [main] ZipPackage - Save part 'xl/styles.xml'
[DEBUG] 2024-07-24 18:16:22.735 [main] ZipPackage - Save part 'xl/theme/theme1.xml'
[DEBUG] 2024-07-24 18:16:22.736 [main] ZipPackage - Save part 'xl/workbook.xml'
[DEBUG] 2024-07-24 18:16:22.740 [main] ZipPackage - Save part 'xl/worksheets/sheet1.xml'
[DEBUG] 2024-07-24 18:16:23.369 [main] PackageRelationshipCollection - Parsing relationship: /xl/_rels/workbook.xml.rels
[DEBUG] 2024-07-24 18:16:23.373 [main] PackageRelationshipCollection - Parsing relationship: /_rels/.rels
[DEBUG] 2024-07-24 18:16:23.434 [main] ZipPackage - Save content types part
[DEBUG] 2024-07-24 18:16:23.438 [main] ZipPackage - Save package relationships
[DEBUG] 2024-07-24 18:16:23.448 [main] ZipPackage - Save part 'docProps/app.xml'
[DEBUG] 2024-07-24 18:16:23.448 [main] ZipPackage - Save part 'docProps/core.xml'
[DEBUG] 2024-07-24 18:16:23.455 [main] ZipPackage - Save part 'xl/sharedStrings.xml'
[DEBUG] 2024-07-24 18:16:23.456 [main] ZipPackage - Save part 'xl/styles.xml'
[DEBUG] 2024-07-24 18:16:23.457 [main] ZipPackage - Save part 'xl/theme/theme1.xml'
[DEBUG] 2024-07-24 18:16:23.458 [main] ZipPackage - Save part 'xl/workbook.xml'
[DEBUG] 2024-07-24 18:16:23.463 [main] ZipPackage - Save part 'xl/worksheets/sheet1.xml'
[DEBUG] 2024-07-24 18:16:26.353 [main] PackageRelationshipCollection - Parsing relationship: /xl/_rels/workbook.xml.rels
[DEBUG] 2024-07-24 18:16:26.355 [main] PackageRelationshipCollection - Parsing relationship: /_rels/.rels
[DEBUG] 2024-07-24 18:16:26.393 [main] ZipPackage - Save content types part
[DEBUG] 2024-07-24 18:16:26.397 [main] ZipPackage - Save package relationships
[DEBUG] 2024-07-24 18:16:26.404 [main] ZipPackage - Save part 'docProps/app.xml'
[DEBUG] 2024-07-24 18:16:26.405 [main] ZipPackage - Save part 'docProps/core.xml'
[DEBUG] 2024-07-24 18:16:26.407 [main] ZipPackage - Save part 'xl/sharedStrings.xml'
[DEBUG] 2024-07-24 18:16:26.408 [main] ZipPackage - Save part 'xl/styles.xml'
[DEBUG] 2024-07-24 18:16:26.408 [main] ZipPackage - Save part 'xl/theme/theme1.xml'
[DEBUG] 2024-07-24 18:16:26.409 [main] ZipPackage - Save part 'xl/workbook.xml'
[DEBUG] 2024-07-24 18:16:26.412 [main] ZipPackage - Save part 'xl/worksheets/sheet1.xml'
[INFO ] 2024-07-24 18:16:28.960 [main] UserTests - *********** Creating User ***********
[INFO ] 2024-07-24 18:16:29.204 [main] UserTests - *********** Getting User detail for billy.bashirian***********
[DEBUG] 2024-07-24 18:16:29.388 [main] UserTests - *********** User is displayed ***********
[INFO ] 2024-07-24 18:16:29.390 [main] UserTests - *********** Updating User ***********
[INFO ] 2024-07-24 18:16:29.812 [main] UserTests - *********** Deleting user ***********
[INFO ] 2024-07-24 18:17:28.497 [main] UserTests - *********** Creating User ***********
[INFO ] 2024-07-24 18:17:32.102 [main] UserTests - *********** Getting User detail for trent.schulist***********
[DEBUG] 2024-07-24 18:17:32.320 [main] UserTests - *********** User is displayed ***********
[INFO ] 2024-07-24 18:17:32.324 [main] UserTests - *********** Updating User ***********
[INFO ] 2024-07-24 18:17:34.032 [main] UserTests - *********** Deleting user ***********
[INFO ] 2024-07-24 18:26:09.868 [main] UserTests - *********** Creating User ***********
[INFO ] 2024-07-24 18:26:13.377 [main] UserTests - *********** Getting User detail for son.hudson***********
[DEBUG] 2024-07-24 18:26:13.653 [main] UserTests - *********** User is displayed ***********
[INFO ] 2024-07-24 18:26:13.657 [main] UserTests - *********** Updating User ***********
[INFO ] 2024-07-24 18:26:15.428 [main] UserTests - *********** Deleting user ***********
[INFO ] 2024-07-24 18:30:05.609 [main] UserTests - *********** Creating User ***********
[INFO ] 2024-07-24 18:30:08.881 [main] UserTests - *********** Getting User detail for brock.hudson***********
[DEBUG] 2024-07-24 18:30:09.191 [main] UserTests - *********** User is displayed ***********
[INFO ] 2024-07-24 18:30:09.194 [main] UserTests - *********** Updating User ***********
[INFO ] 2024-07-24 18:30:10.838 [main] UserTests - *********** Deleting user ***********
[DEBUG] 2024-07-24 18:30:11.561 [main] PackageRelationshipCollection - Parsing relationship: /xl/_rels/workbook.xml.rels
[DEBUG] 2024-07-24 18:30:11.570 [main] PackageRelationshipCollection - Parsing relationship: /_rels/.rels
[DEBUG] 2024-07-24 18:30:12.563 [main] ZipPackage - Save content types part
[DEBUG] 2024-07-24 18:30:12.750 [main] ZipPackage - Save package relationships
[DEBUG] 2024-07-24 18:30:12.753 [main] ZipPackage - Save part 'docProps/app.xml'
[DEBUG] 2024-07-24 18:30:12.754 [main] ZipPackage - Save part 'docProps/core.xml'
[DEBUG] 2024-07-24 18:30:12.759 [main] ZipPackage - Save part 'xl/sharedStrings.xml'
[DEBUG] 2024-07-24 18:30:12.760 [main] ZipPackage - Save part 'xl/styles.xml'
[DEBUG] 2024-07-24 18:30:12.761 [main] ZipPackage - Save part 'xl/theme/theme1.xml'
[DEBUG] 2024-07-24 18:30:12.764 [main] ZipPackage - Save part 'xl/workbook.xml'
[DEBUG] 2024-07-24 18:30:12.768 [main] ZipPackage - Save part 'xl/worksheets/sheet1.xml'
[DEBUG] 2024-07-24 18:30:13.503 [main] PackageRelationshipCollection - Parsing relationship: /xl/_rels/workbook.xml.rels
[DEBUG] 2024-07-24 18:30:13.508 [main] PackageRelationshipCollection - Parsing relationship: /_rels/.rels
[DEBUG] 2024-07-24 18:30:13.556 [main] ZipPackage - Save content types part
[DEBUG] 2024-07-24 18:30:13.558 [main] ZipPackage - Save package relationships
[DEBUG] 2024-07-24 18:30:13.567 [main] ZipPackage - Save part 'docProps/app.xml'
[DEBUG] 2024-07-24 18:30:13.568 [main] ZipPackage - Save part 'docProps/core.xml'
[DEBUG] 2024-07-24 18:30:13.569 [main] ZipPackage - Save part 'xl/sharedStrings.xml'
[DEBUG] 2024-07-24 18:30:13.570 [main] ZipPackage - Save part 'xl/styles.xml'
[DEBUG] 2024-07-24 18:30:13.570 [main] ZipPackage - Save part 'xl/theme/theme1.xml'
[DEBUG] 2024-07-24 18:30:13.571 [main] ZipPackage - Save part 'xl/workbook.xml'
[DEBUG] 2024-07-24 18:30:13.573 [main] ZipPackage - Save part 'xl/worksheets/sheet1.xml'
[DEBUG] 2024-07-24 18:30:14.146 [main] PackageRelationshipCollection - Parsing relationship: /xl/_rels/workbook.xml.rels
[DEBUG] 2024-07-24 18:30:14.148 [main] PackageRelationshipCollection - Parsing relationship: /_rels/.rels
[DEBUG] 2024-07-24 18:30:14.189 [main] ZipPackage - Save content types part
[DEBUG] 2024-07-24 18:30:14.191 [main] ZipPackage - Save package relationships
[DEBUG] 2024-07-24 18:30:14.197 [main] ZipPackage - Save part 'docProps/app.xml'
[DEBUG] 2024-07-24 18:30:14.198 [main] ZipPackage - Save part 'docProps/core.xml'
[DEBUG] 2024-07-24 18:30:14.200 [main] ZipPackage - Save part 'xl/sharedStrings.xml'
[DEBUG] 2024-07-24 18:30:14.201 [main] ZipPackage - Save part 'xl/styles.xml'
[DEBUG] 2024-07-24 18:30:14.201 [main] ZipPackage - Save part 'xl/theme/theme1.xml'
[DEBUG] 2024-07-24 18:30:14.201 [main] ZipPackage - Save part 'xl/workbook.xml'
[DEBUG] 2024-07-24 18:30:14.203 [main] ZipPackage - Save part 'xl/worksheets/sheet1.xml'
[DEBUG] 2024-07-24 18:30:15.755 [main] PackageRelationshipCollection - Parsing relationship: /xl/_rels/workbook.xml.rels
[DEBUG] 2024-07-24 18:30:15.757 [main] PackageRelationshipCollection - Parsing relationship: /_rels/.rels
[DEBUG] 2024-07-24 18:30:15.794 [main] ZipPackage - Save content types part
[DEBUG] 2024-07-24 18:30:15.798 [main] ZipPackage - Save package relationships
[DEBUG] 2024-07-24 18:30:15.802 [main] ZipPackage - Save part 'docProps/app.xml'
[DEBUG] 2024-07-24 18:30:15.803 [main] ZipPackage - Save part 'docProps/core.xml'
[DEBUG] 2024-07-24 18:30:15.807 [main] ZipPackage - Save part 'xl/sharedStrings.xml'
[DEBUG] 2024-07-24 18:30:15.811 [main] ZipPackage - Save part 'xl/styles.xml'
[DEBUG] 2024-07-24 18:30:15.812 [main] ZipPackage - Save part 'xl/theme/theme1.xml'
[DEBUG] 2024-07-24 18:30:15.813 [main] ZipPackage - Save part 'xl/workbook.xml'
[DEBUG] 2024-07-24 18:30:15.818 [main] ZipPackage - Save part 'xl/worksheets/sheet1.xml'
[INFO ] 2024-07-24 18:30:48.485 [main] UserTests - *********** Creating User ***********
[INFO ] 2024-07-24 18:30:51.613 [main] UserTests - *********** Getting User detail for sierra.connelly***********
[DEBUG] 2024-07-24 18:30:51.864 [main] UserTests - *********** User is displayed ***********
[INFO ] 2024-07-24 18:30:51.867 [main] UserTests - *********** Updating User ***********
[INFO ] 2024-07-24 18:30:53.583 [main] UserTests - *********** Deleting user ***********
[DEBUG] 2024-07-24 18:30:54.261 [main] PackageRelationshipCollection - Parsing relationship: /xl/_rels/workbook.xml.rels
[DEBUG] 2024-07-24 18:30:54.265 [main] PackageRelationshipCollection - Parsing relationship: /_rels/.rels
[DEBUG] 2024-07-24 18:30:55.523 [main] ZipPackage - Save content types part
[DEBUG] 2024-07-24 18:30:55.702 [main] ZipPackage - Save package relationships
[DEBUG] 2024-07-24 18:30:55.712 [main] ZipPackage - Save part 'docProps/app.xml'
[DEBUG] 2024-07-24 18:30:55.713 [main] ZipPackage - Save part 'docProps/core.xml'
[DEBUG] 2024-07-24 18:30:55.723 [main] ZipPackage - Save part 'xl/sharedStrings.xml'
[DEBUG] 2024-07-24 18:30:55.724 [main] ZipPackage - Save part 'xl/styles.xml'
[DEBUG] 2024-07-24 18:30:55.724 [main] ZipPackage - Save part 'xl/theme/theme1.xml'
[DEBUG] 2024-07-24 18:30:55.727 [main] ZipPackage - Save part 'xl/workbook.xml'
[DEBUG] 2024-07-24 18:30:55.731 [main] ZipPackage - Save part 'xl/worksheets/sheet1.xml'
[DEBUG] 2024-07-24 18:30:56.390 [main] PackageRelationshipCollection - Parsing relationship: /xl/_rels/workbook.xml.rels
[DEBUG] 2024-07-24 18:30:56.392 [main] PackageRelationshipCollection - Parsing relationship: /_rels/.rels
[DEBUG] 2024-07-24 18:30:56.450 [main] ZipPackage - Save content types part
[DEBUG] 2024-07-24 18:30:56.453 [main] ZipPackage - Save package relationships
[DEBUG] 2024-07-24 18:30:56.462 [main] ZipPackage - Save part 'docProps/app.xml'
[DEBUG] 2024-07-24 18:30:56.463 [main] ZipPackage - Save part 'docProps/core.xml'
[DEBUG] 2024-07-24 18:30:56.466 [main] ZipPackage - Save part 'xl/sharedStrings.xml'
[DEBUG] 2024-07-24 18:30:56.466 [main] ZipPackage - Save part 'xl/styles.xml'
[DEBUG] 2024-07-24 18:30:56.467 [main] ZipPackage - Save part 'xl/theme/theme1.xml'
[DEBUG] 2024-07-24 18:30:56.468 [main] ZipPackage - Save part 'xl/workbook.xml'
[DEBUG] 2024-07-24 18:30:56.470 [main] ZipPackage - Save part 'xl/worksheets/sheet1.xml'
[DEBUG] 2024-07-24 18:30:57.055 [main] PackageRelationshipCollection - Parsing relationship: /xl/_rels/workbook.xml.rels
[DEBUG] 2024-07-24 18:30:57.057 [main] PackageRelationshipCollection - Parsing relationship: /_rels/.rels
[DEBUG] 2024-07-24 18:30:57.107 [main] ZipPackage - Save content types part
[DEBUG] 2024-07-24 18:30:57.109 [main] ZipPackage - Save package relationships
[DEBUG] 2024-07-24 18:30:57.116 [main] ZipPackage - Save part 'docProps/app.xml'
[DEBUG] 2024-07-24 18:30:57.116 [main] ZipPackage - Save part 'docProps/core.xml'
[DEBUG] 2024-07-24 18:30:57.118 [main] ZipPackage - Save part 'xl/sharedStrings.xml'
[DEBUG] 2024-07-24 18:30:57.119 [main] ZipPackage - Save part 'xl/styles.xml'
[DEBUG] 2024-07-24 18:30:57.119 [main] ZipPackage - Save part 'xl/theme/theme1.xml'
[DEBUG] 2024-07-24 18:30:57.120 [main] ZipPackage - Save part 'xl/workbook.xml'
[DEBUG] 2024-07-24 18:30:57.123 [main] ZipPackage - Save part 'xl/worksheets/sheet1.xml'
[DEBUG] 2024-07-24 18:30:58.717 [main] PackageRelationshipCollection - Parsing relationship: /xl/_rels/workbook.xml.rels
[DEBUG] 2024-07-24 18:30:58.720 [main] PackageRelationshipCollection - Parsing relationship: /_rels/.rels
[DEBUG] 2024-07-24 18:30:58.767 [main] ZipPackage - Save content types part
[DEBUG] 2024-07-24 18:30:58.773 [main] ZipPackage - Save package relationships
[DEBUG] 2024-07-24 18:30:58.782 [main] ZipPackage - Save part 'docProps/app.xml'
[DEBUG] 2024-07-24 18:30:58.783 [main] ZipPackage - Save part 'docProps/core.xml'
[DEBUG] 2024-07-24 18:30:58.789 [main] ZipPackage - Save part 'xl/sharedStrings.xml'
[DEBUG] 2024-07-24 18:30:58.793 [main] ZipPackage - Save part 'xl/styles.xml'
[DEBUG] 2024-07-24 18:30:58.799 [main] ZipPackage - Save part 'xl/theme/theme1.xml'
[DEBUG] 2024-07-24 18:30:58.811 [main] ZipPackage - Save part 'xl/workbook.xml'
[DEBUG] 2024-07-24 18:30:58.822 [main] ZipPackage - Save part 'xl/worksheets/sheet1.xml'
