[INFO ] 2024-07-20 16:42:56.225 [main] UserTests - *********** Creating User ***********
[INFO ] 2024-07-20 16:43:00.137 [main] UserTests - *********** Getting User detail for normand.torphy***********
[INFO ] 2024-07-20 16:43:00.381 [main] UserTests - *********** User is displayed ***********
[INFO ] 2024-07-20 16:43:00.386 [main] UserTests - *********** Updating User ***********
[INFO ] 2024-07-20 16:43:01.803 [main] UserTests - *********** Deleting user ***********
[INFO ] 2024-07-20 16:48:21.931 [main] UserTests - *********** Creating User ***********
[INFO ] 2024-07-20 16:48:24.685 [main] UserTests - *********** Getting User detail for mabel.fritsch***********
[INFO ] 2024-07-20 16:48:24.910 [main] UserTests - *********** User is displayed ***********
[INFO ] 2024-07-20 16:48:24.916 [main] UserTests - *********** Updating User ***********
[INFO ] 2024-07-20 16:48:26.012 [main] UserTests - *********** Deleting user ***********
[INFO ] 2024-07-20 16:51:02.786 [main] UserTests - *********** Creating User ***********
[INFO ] 2024-07-20 16:51:05.407 [main] UserTests - *********** Getting User detail for garret.von***********
[INFO ] 2024-07-20 16:51:05.617 [main] UserTests - *********** User is displayed ***********
[INFO ] 2024-07-20 16:51:05.622 [main] UserTests - *********** Updating User ***********
[INFO ] 2024-07-20 16:51:06.848 [main] UserTests - *********** Deleting user ***********
[INFO ] 2024-07-20 16:53:13.858 [main] UserTests - *********** Creating User ***********
[INFO ] 2024-07-20 16:53:18.251 [main] UserTests - *********** Getting User detail for minh.stamm***********
[DEBUG] 2024-07-20 16:53:18.575 [main] UserTests - *********** User is displayed ***********
[INFO ] 2024-07-20 16:53:18.583 [main] UserTests - *********** Updating User ***********
[INFO ] 2024-07-20 16:53:20.301 [main] UserTests - *********** Deleting user ***********
[INFO ] 2024-07-20 16:54:43.266 [main] UserTests - *********** Creating User ***********
[INFO ] 2024-07-20 16:54:45.916 [main] UserTests - *********** Getting User detail for trang.auer***********
[DEBUG] 2024-07-20 16:54:46.133 [main] UserTests - *********** User is displayed ***********
[INFO ] 2024-07-20 16:54:46.138 [main] UserTests - *********** Updating User ***********
[INFO ] 2024-07-20 16:54:47.390 [main] UserTests - *********** Deleting user ***********
[INFO ] 2024-07-20 16:56:20.041 [main] UserTests - *********** Creating User ***********
[INFO ] 2024-07-20 16:56:23.202 [main] UserTests - *********** Getting User detail for ezra.gutmann***********
[DEBUG] 2024-07-20 16:56:23.458 [main] UserTests - *********** User is displayed ***********
[INFO ] 2024-07-20 16:56:23.462 [main] UserTests - *********** Updating User ***********
[INFO ] 2024-07-20 16:56:24.580 [main] UserTests - *********** Deleting user ***********
[INFO ] 2024-07-20 19:52:03.773 [main] UserTests - *********** Updating User ***********
[INFO ] 2024-07-20 19:53:47.434 [main] UserTests - *********** Updating User ***********
